#
# There is insufficient memory for the Java Runtime Environment to continue.
# Native memory allocation (malloc) failed to allocate 1048576 bytes for AllocateHeap
# Possible reasons:
#   The system is out of physical RAM or swap space
#   The process is running with CompressedOops enabled, and the Java Heap may be blocking the growth of the native heap
# Possible solutions:
#   Reduce memory load on the system
#   Increase physical memory or swap space
#   Check if swap backing store is full
#   Decrease Java heap size (-Xmx/-Xms)
#   Decrease number of Java threads
#   Decrease Java thread stack sizes (-Xss)
#   Set larger code cache with -XX:ReservedCodeCacheSize=
#   JVM is running with Unscaled Compressed Oops mode in which the Java heap is
#     placed in the first 4GB address space. The Java Heap base address is the
#     maximum limit for the native heap growth. Please use -XX:HeapBaseMinAddress
#     to set the Java Heap base and to place the Java Heap above 4GB virtual address.
# This output file may be truncated or incomplete.
#
#  Out of Memory Error (./open/src/hotspot/share/memory/allocation.cpp:46), pid=6928, tid=3928
#
# JRE version: Java(TM) SE Runtime Environment 18.9 (11.0.7+8) (build 11.0.7+8-LTS)
# Java VM: Java HotSpot(TM) 64-Bit Server VM 18.9 (11.0.7+8-LTS, mixed mode, tiered, compressed oops, g1 gc, windows-amd64)
# No core dump will be written. Minidumps are not enabled by default on client versions of Windows
#

---------------  S U M M A R Y ------------

Command Line: -Dorg.gradle.native=false -Dspring.profiles.active=default -Xmx512m -Dfile.encoding=windows-1251 -Duser.country=RU -Duser.language=ru -Duser.variant -ea worker.org.gradle.process.internal.worker.GradleWorkerMain 'Gradle Test Executor 25'

Host: Intel(R) Xeon(R) CPU           X5460  @ 3.16GHz, 4 cores, 7G,  Windows 10 , 64 bit Build 17134 (10.0.17134.753)
Time: Tue May 11 13:30:23 2021 Aaea?onu (ceia) elapsed time: 0 seconds (0d 0h 0m 0s)

---------------  T H R E A D  ---------------

Current thread (0x000001d9fcbdd800):  VMThread "VM Thread" [stack: 0x000000c6ff000000,0x000000c6ff100000] [id=3928]

Stack: [0x000000c6ff000000,0x000000c6ff100000]
[error occurred during error reporting (printing stack bounds), id 0xc0000005, EXCEPTION_ACCESS_VIOLATION (0xc0000005) at pc=0x000001d988330bbd]

Native frames: (J=compiled Java code, j=interpreted, Vv=VM code, C=native code)
V  [jvm.dll+0x661a7a]
V  [jvm.dll+0x7a1b2f]
V  [jvm.dll+0x7a31d5]
V  [jvm.dll+0x7a37a5]
V  [jvm.dll+0x7a375b]
V  [jvm.dll+0x661176]
V  [jvm.dll+0x661548]
C  [ntdll.dll+0x9f7dd]
C  [ntdll.dll+0xd856]
C  [ntdll.dll+0x9e70e]
C  0x000001d988330bbd

VM_Operation (0x000000c6feafcd40): CollectForMetadataAllocation, mode: safepoint, requested by thread 0x000001d9f934e800


---------------  P R O C E S S  ---------------

Threads class SMR info:
_java_thread_list=0x000001d9fd693220, length=10, elements={
0x000001d9f934e800, 0x000001d9fcc15800, 0x000001d9fcc16800, 0x000001d9fd5a3000,
0x000001d9fcc20800, 0x000001d9fcc24800, 0x000001d9fcc2d800, 0x000001d9fcc37000,
0x000001d9fd722000, 0x000001d9fd732800
}

Java Threads: ( => current thread )
  0x000001d9f934e800 JavaThread "main" [_thread_blocked, id=4484, stack(0x000000c6fea00000,0x000000c6feb00000)]
  0x000001d9fcc15800 JavaThread "Reference Handler" daemon [_thread_blocked, id=8600, stack(0x000000c6ff100000,0x000000c6ff200000)]
  0x000001d9fcc16800 JavaThread "Finalizer" daemon [_thread_blocked, id=9064, stack(0x000000c6ff200000,0x000000c6ff300000)]
  0x000001d9fd5a3000 JavaThread "Signal Dispatcher" daemon [_thread_blocked, id=12624, stack(0x000000c6ff300000,0x000000c6ff400000)]
  0x000001d9fcc20800 JavaThread "Attach Listener" daemon [_thread_blocked, id=8416, stack(0x000000c6ff400000,0x000000c6ff500000)]
  0x000001d9fcc24800 JavaThread "C2 CompilerThread0" daemon [_thread_blocked, id=7700, stack(0x000000c6ff500000,0x000000c6ff600000)]
  0x000001d9fcc2d800 JavaThread "C1 CompilerThread0" daemon [_thread_blocked, id=9404, stack(0x000000c6ff600000,0x000000c6ff700000)]
  0x000001d9fcc37000 JavaThread "Sweeper thread" daemon [_thread_blocked, id=3748, stack(0x000000c6ff700000,0x000000c6ff800000)]
  0x000001d9fd722000 JavaThread "Service Thread" daemon [_thread_blocked, id=7980, stack(0x000000c6ff800000,0x000000c6ff900000)]
  0x000001d9fd732800 JavaThread "Common-Cleaner" daemon [_thread_blocked, id=10260, stack(0x000000c6ffa00000,0x000000c6ffb00000)]

Other Threads:
=>0x000001d9fcbdd800 VMThread "VM Thread" [stack: 0x000000c6ff000000,0x000000c6ff100000] [id=3928]
  0x000001d9fd690800 WatcherThread [stack: 0x000000c6ff900000,0x000000c6ffa00000] [id=9208]
  0x000001d9f9364000 GCTaskThread "GC Thread#0" [stack: 0x000000c6feb00000,0x000000c6fec00000] [id=13072]
  0x000001d9fd919000 GCTaskThread "GC Thread#1" [stack: 0x000000c6ffb00000,0x000000c6ffc00000] [id=12740]
  0x000001d9fd9e0800 GCTaskThread "GC Thread#2" [stack: 0x000000c6ffc00000,0x000000c6ffd00000] [id=9272]
  0x000001d9f9375800 ConcurrentGCThread "G1 Main Marker" [stack: 0x000000c6fec00000,0x000000c6fed00000] [id=11812]
  0x000001d9f9377000 ConcurrentGCThread "G1 Conc#0" [stack: 0x000000c6fed00000,0x000000c6fee00000] [id=6560]
  0x000001d9f9405800 ConcurrentGCThread "G1 Refine#0" [stack: 0x000000c6fee00000,0x000000c6fef00000] [id=3436]
  0x000001d9f9406800 ConcurrentGCThread "G1 Young RemSet Sampling" [stack: 0x000000c6fef00000,0x000000c6ff000000] [id=8360]

Threads with active compile tasks:

VM state:at safepoint (normal execution)

VM Mutex/Monitor currently owned by a thread:  ([mutex/lock_event])
[0x000001d9f934c760] Threads_lock - owner thread: 0x000001d9fcbdd800
[0x000001d9f934c010] Heap_lock - owner thread: 0x000001d9f934e800

Heap address: 0x00000000e0000000, size: 512 MB, Compressed Oops mode: 32-bit
Narrow klass base: 0x0000000000000000, Narrow klass shift: 3
Compressed class space size: 1073741824 Address: 0x0000000100000000

Heap:
 garbage-first heap   total 131072K, used 1833K [0x00000000e0000000, 0x0000000100000000)
  region size 1024K, 2 young (2048K), 2 survivors (2048K)
 Metaspace       used 7497K, capacity 7621K, committed 7808K, reserved 1069056K
  class space    used 712K, capacity 770K, committed 896K, reserved 1048576K
Heap Regions: E=young(eden), S=young(survivor), O=old, HS=humongous(starts), HC=humongous(continues), CS=collection set, F=free, A=archive, TAMS=top-at-mark-start (previous, next)
|   0|0x00000000e0000000, 0x00000000e0000000, 0x00000000e0100000|  0%| F|  |TAMS 0x00000000e0000000, 0x00000000e0000000| Untracked 
|   1|0x00000000e0100000, 0x00000000e0100000, 0x00000000e0200000|  0%| F|  |TAMS 0x00000000e0100000, 0x00000000e0100000| Untracked 
|   2|0x00000000e0200000, 0x00000000e0200000, 0x00000000e0300000|  0%| F|  |TAMS 0x00000000e0200000, 0x00000000e0200000| Untracked 
|   3|0x00000000e0300000, 0x00000000e0300000, 0x00000000e0400000|  0%| F|  |TAMS 0x00000000e0300000, 0x00000000e0300000| Untracked 
|   4|0x00000000e0400000, 0x00000000e0400000, 0x00000000e0500000|  0%| F|  |TAMS 0x00000000e0400000, 0x00000000e0400000| Untracked 
|   5|0x00000000e0500000, 0x00000000e0500000, 0x00000000e0600000|  0%| F|  |TAMS 0x00000000e0500000, 0x00000000e0500000| Untracked 
|   6|0x00000000e0600000, 0x00000000e0600000, 0x00000000e0700000|  0%| F|  |TAMS 0x00000000e0600000, 0x00000000e0600000| Untracked 
|   7|0x00000000e0700000, 0x00000000e0700000, 0x00000000e0800000|  0%| F|  |TAMS 0x00000000e0700000, 0x00000000e0700000| Untracked 
|   8|0x00000000e0800000, 0x00000000e0800000, 0x00000000e0900000|  0%| F|  |TAMS 0x00000000e0800000, 0x00000000e0800000| Untracked 
|   9|0x00000000e0900000, 0x00000000e0900000, 0x00000000e0a00000|  0%| F|  |TAMS 0x00000000e0900000, 0x00000000e0900000| Untracked 
|  10|0x00000000e0a00000, 0x00000000e0a00000, 0x00000000e0b00000|  0%| F|  |TAMS 0x00000000e0a00000, 0x00000000e0a00000| Untracked 
|  11|0x00000000e0b00000, 0x00000000e0b00000, 0x00000000e0c00000|  0%| F|  |TAMS 0x00000000e0b00000, 0x00000000e0b00000| Untracked 
|  12|0x00000000e0c00000, 0x00000000e0c00000, 0x00000000e0d00000|  0%| F|  |TAMS 0x00000000e0c00000, 0x00000000e0c00000| Untracked 
|  13|0x00000000e0d00000, 0x00000000e0d00000, 0x00000000e0e00000|  0%| F|  |TAMS 0x00000000e0d00000, 0x00000000e0d00000| Untracked 
|  14|0x00000000e0e00000, 0x00000000e0e00000, 0x00000000e0f00000|  0%| F|  |TAMS 0x00000000e0e00000, 0x00000000e0e00000| Untracked 
|  15|0x00000000e0f00000, 0x00000000e0f00000, 0x00000000e1000000|  0%| F|  |TAMS 0x00000000e0f00000, 0x00000000e0f00000| Untracked 
|  16|0x00000000e1000000, 0x00000000e1000000, 0x00000000e1100000|  0%| F|  |TAMS 0x00000000e1000000, 0x00000000e1000000| Untracked 
|  17|0x00000000e1100000, 0x00000000e1100000, 0x00000000e1200000|  0%| F|  |TAMS 0x00000000e1100000, 0x00000000e1100000| Untracked 
|  18|0x00000000e1200000, 0x00000000e1200000, 0x00000000e1300000|  0%| F|  |TAMS 0x00000000e1200000, 0x00000000e1200000| Untracked 
|  19|0x00000000e1300000, 0x00000000e1300000, 0x00000000e1400000|  0%| F|  |TAMS 0x00000000e1300000, 0x00000000e1300000| Untracked 
|  20|0x00000000e1400000, 0x00000000e1400000, 0x00000000e1500000|  0%| F|  |TAMS 0x00000000e1400000, 0x00000000e1400000| Untracked 
|  21|0x00000000e1500000, 0x00000000e1500000, 0x00000000e1600000|  0%| F|  |TAMS 0x00000000e1500000, 0x00000000e1500000| Untracked 
|  22|0x00000000e1600000, 0x00000000e1600000, 0x00000000e1700000|  0%| F|  |TAMS 0x00000000e1600000, 0x00000000e1600000| Untracked 
|  23|0x00000000e1700000, 0x00000000e1700000, 0x00000000e1800000|  0%| F|  |TAMS 0x00000000e1700000, 0x00000000e1700000| Untracked 
|  24|0x00000000e1800000, 0x00000000e1800000, 0x00000000e1900000|  0%| F|  |TAMS 0x00000000e1800000, 0x00000000e1800000| Untracked 
|  25|0x00000000e1900000, 0x00000000e1900000, 0x00000000e1a00000|  0%| F|  |TAMS 0x00000000e1900000, 0x00000000e1900000| Untracked 
|  26|0x00000000e1a00000, 0x00000000e1a00000, 0x00000000e1b00000|  0%| F|  |TAMS 0x00000000e1a00000, 0x00000000e1a00000| Untracked 
|  27|0x00000000e1b00000, 0x00000000e1b00000, 0x00000000e1c00000|  0%| F|  |TAMS 0x00000000e1b00000, 0x00000000e1b00000| Untracked 
|  28|0x00000000e1c00000, 0x00000000e1c00000, 0x00000000e1d00000|  0%| F|  |TAMS 0x00000000e1c00000, 0x00000000e1c00000| Untracked 
|  29|0x00000000e1d00000, 0x00000000e1d00000, 0x00000000e1e00000|  0%| F|  |TAMS 0x00000000e1d00000, 0x00000000e1d00000| Untracked 
|  30|0x00000000e1e00000, 0x00000000e1e00000, 0x00000000e1f00000|  0%| F|  |TAMS 0x00000000e1e00000, 0x00000000e1e00000| Untracked 
|  31|0x00000000e1f00000, 0x00000000e1f00000, 0x00000000e2000000|  0%| F|  |TAMS 0x00000000e1f00000, 0x00000000e1f00000| Untracked 
|  32|0x00000000e2000000, 0x00000000e2000000, 0x00000000e2100000|  0%| F|  |TAMS 0x00000000e2000000, 0x00000000e2000000| Untracked 
|  33|0x00000000e2100000, 0x00000000e2100000, 0x00000000e2200000|  0%| F|  |TAMS 0x00000000e2100000, 0x00000000e2100000| Untracked 
|  34|0x00000000e2200000, 0x00000000e2200000, 0x00000000e2300000|  0%| F|  |TAMS 0x00000000e2200000, 0x00000000e2200000| Untracked 
|  35|0x00000000e2300000, 0x00000000e2300000, 0x00000000e2400000|  0%| F|  |TAMS 0x00000000e2300000, 0x00000000e2300000| Untracked 
|  36|0x00000000e2400000, 0x00000000e2400000, 0x00000000e2500000|  0%| F|  |TAMS 0x00000000e2400000, 0x00000000e2400000| Untracked 
|  37|0x00000000e2500000, 0x00000000e2500000, 0x00000000e2600000|  0%| F|  |TAMS 0x00000000e2500000, 0x00000000e2500000| Untracked 
|  38|0x00000000e2600000, 0x00000000e2600000, 0x00000000e2700000|  0%| F|  |TAMS 0x00000000e2600000, 0x00000000e2600000| Untracked 
|  39|0x00000000e2700000, 0x00000000e2700000, 0x00000000e2800000|  0%| F|  |TAMS 0x00000000e2700000, 0x00000000e2700000| Untracked 
|  40|0x00000000e2800000, 0x00000000e2800000, 0x00000000e2900000|  0%| F|  |TAMS 0x00000000e2800000, 0x00000000e2800000| Untracked 
|  41|0x00000000e2900000, 0x00000000e2900000, 0x00000000e2a00000|  0%| F|  |TAMS 0x00000000e2900000, 0x00000000e2900000| Untracked 
|  42|0x00000000e2a00000, 0x00000000e2a00000, 0x00000000e2b00000|  0%| F|  |TAMS 0x00000000e2a00000, 0x00000000e2a00000| Untracked 
|  43|0x00000000e2b00000, 0x00000000e2b00000, 0x00000000e2c00000|  0%| F|  |TAMS 0x00000000e2b00000, 0x00000000e2b00000| Untracked 
|  44|0x00000000e2c00000, 0x00000000e2c00000, 0x00000000e2d00000|  0%| F|  |TAMS 0x00000000e2c00000, 0x00000000e2c00000| Untracked 
|  45|0x00000000e2d00000, 0x00000000e2d00000, 0x00000000e2e00000|  0%| F|  |TAMS 0x00000000e2d00000, 0x00000000e2d00000| Untracked 
|  46|0x00000000e2e00000, 0x00000000e2e00000, 0x00000000e2f00000|  0%| F|  |TAMS 0x00000000e2e00000, 0x00000000e2e00000| Untracked 
|  47|0x00000000e2f00000, 0x00000000e2f00000, 0x00000000e3000000|  0%| F|  |TAMS 0x00000000e2f00000, 0x00000000e2f00000| Untracked 
|  48|0x00000000e3000000, 0x00000000e3000000, 0x00000000e3100000|  0%| F|  |TAMS 0x00000000e3000000, 0x00000000e3000000| Untracked 
|  49|0x00000000e3100000, 0x00000000e3100000, 0x00000000e3200000|  0%| F|  |TAMS 0x00000000e3100000, 0x00000000e3100000| Untracked 
|  50|0x00000000e3200000, 0x00000000e3200000, 0x00000000e3300000|  0%| F|  |TAMS 0x00000000e3200000, 0x00000000e3200000| Untracked 
|  51|0x00000000e3300000, 0x00000000e3300000, 0x00000000e3400000|  0%| F|  |TAMS 0x00000000e3300000, 0x00000000e3300000| Untracked 
|  52|0x00000000e3400000, 0x00000000e3400000, 0x00000000e3500000|  0%| F|  |TAMS 0x00000000e3400000, 0x00000000e3400000| Untracked 
|  53|0x00000000e3500000, 0x00000000e3500000, 0x00000000e3600000|  0%| F|  |TAMS 0x00000000e3500000, 0x00000000e3500000| Untracked 
|  54|0x00000000e3600000, 0x00000000e3600000, 0x00000000e3700000|  0%| F|  |TAMS 0x00000000e3600000, 0x00000000e3600000| Untracked 
|  55|0x00000000e3700000, 0x00000000e3700000, 0x00000000e3800000|  0%| F|  |TAMS 0x00000000e3700000, 0x00000000e3700000| Untracked 
|  56|0x00000000e3800000, 0x00000000e3800000, 0x00000000e3900000|  0%| F|  |TAMS 0x00000000e3800000, 0x00000000e3800000| Untracked 
|  57|0x00000000e3900000, 0x00000000e3900000, 0x00000000e3a00000|  0%| F|  |TAMS 0x00000000e3900000, 0x00000000e3900000| Untracked 
|  58|0x00000000e3a00000, 0x00000000e3a00000, 0x00000000e3b00000|  0%| F|  |TAMS 0x00000000e3a00000, 0x00000000e3a00000| Untracked 
|  59|0x00000000e3b00000, 0x00000000e3b00000, 0x00000000e3c00000|  0%| F|  |TAMS 0x00000000e3b00000, 0x00000000e3b00000| Untracked 
|  60|0x00000000e3c00000, 0x00000000e3c00000, 0x00000000e3d00000|  0%| F|  |TAMS 0x00000000e3c00000, 0x00000000e3c00000| Untracked 
|  61|0x00000000e3d00000, 0x00000000e3d00000, 0x00000000e3e00000|  0%| F|  |TAMS 0x00000000e3d00000, 0x00000000e3d00000| Untracked 
|  62|0x00000000e3e00000, 0x00000000e3e00000, 0x00000000e3f00000|  0%| F|  |TAMS 0x00000000e3e00000, 0x00000000e3e00000| Untracked 
|  63|0x00000000e3f00000, 0x00000000e3f00000, 0x00000000e4000000|  0%| F|  |TAMS 0x00000000e3f00000, 0x00000000e3f00000| Untracked 
|  64|0x00000000e4000000, 0x00000000e4000000, 0x00000000e4100000|  0%| F|  |TAMS 0x00000000e4000000, 0x00000000e4000000| Untracked 
|  65|0x00000000e4100000, 0x00000000e4100000, 0x00000000e4200000|  0%| F|  |TAMS 0x00000000e4100000, 0x00000000e4100000| Untracked 
|  66|0x00000000e4200000, 0x00000000e4200000, 0x00000000e4300000|  0%| F|  |TAMS 0x00000000e4200000, 0x00000000e4200000| Untracked 
|  67|0x00000000e4300000, 0x00000000e4300000, 0x00000000e4400000|  0%| F|  |TAMS 0x00000000e4300000, 0x00000000e4300000| Untracked 
|  68|0x00000000e4400000, 0x00000000e4400000, 0x00000000e4500000|  0%| F|  |TAMS 0x00000000e4400000, 0x00000000e4400000| Untracked 
|  69|0x00000000e4500000, 0x00000000e4500000, 0x00000000e4600000|  0%| F|  |TAMS 0x00000000e4500000, 0x00000000e4500000| Untracked 
|  70|0x00000000e4600000, 0x00000000e4600000, 0x00000000e4700000|  0%| F|  |TAMS 0x00000000e4600000, 0x00000000e4600000| Untracked 
|  71|0x00000000e4700000, 0x00000000e4700000, 0x00000000e4800000|  0%| F|  |TAMS 0x00000000e4700000, 0x00000000e4700000| Untracked 
|  72|0x00000000e4800000, 0x00000000e4800000, 0x00000000e4900000|  0%| F|  |TAMS 0x00000000e4800000, 0x00000000e4800000| Untracked 
|  73|0x00000000e4900000, 0x00000000e4900000, 0x00000000e4a00000|  0%| F|  |TAMS 0x00000000e4900000, 0x00000000e4900000| Untracked 
|  74|0x00000000e4a00000, 0x00000000e4a00000, 0x00000000e4b00000|  0%| F|  |TAMS 0x00000000e4a00000, 0x00000000e4a00000| Untracked 
|  75|0x00000000e4b00000, 0x00000000e4b00000, 0x00000000e4c00000|  0%| F|  |TAMS 0x00000000e4b00000, 0x00000000e4b00000| Untracked 
|  76|0x00000000e4c00000, 0x00000000e4c00000, 0x00000000e4d00000|  0%| F|  |TAMS 0x00000000e4c00000, 0x00000000e4c00000| Untracked 
|  77|0x00000000e4d00000, 0x00000000e4d00000, 0x00000000e4e00000|  0%| F|  |TAMS 0x00000000e4d00000, 0x00000000e4d00000| Untracked 
|  78|0x00000000e4e00000, 0x00000000e4e00000, 0x00000000e4f00000|  0%| F|  |TAMS 0x00000000e4e00000, 0x00000000e4e00000| Untracked 
|  79|0x00000000e4f00000, 0x00000000e4f00000, 0x00000000e5000000|  0%| F|  |TAMS 0x00000000e4f00000, 0x00000000e4f00000| Untracked 
|  80|0x00000000e5000000, 0x00000000e5000000, 0x00000000e5100000|  0%| F|  |TAMS 0x00000000e5000000, 0x00000000e5000000| Untracked 
|  81|0x00000000e5100000, 0x00000000e5100000, 0x00000000e5200000|  0%| F|  |TAMS 0x00000000e5100000, 0x00000000e5100000| Untracked 
|  82|0x00000000e5200000, 0x00000000e5200000, 0x00000000e5300000|  0%| F|  |TAMS 0x00000000e5200000, 0x00000000e5200000| Untracked 
|  83|0x00000000e5300000, 0x00000000e5300000, 0x00000000e5400000|  0%| F|  |TAMS 0x00000000e5300000, 0x00000000e5300000| Untracked 
|  84|0x00000000e5400000, 0x00000000e5400000, 0x00000000e5500000|  0%| F|  |TAMS 0x00000000e5400000, 0x00000000e5400000| Untracked 
|  85|0x00000000e5500000, 0x00000000e5500000, 0x00000000e5600000|  0%| F|  |TAMS 0x00000000e5500000, 0x00000000e5500000| Untracked 
|  86|0x00000000e5600000, 0x00000000e5600000, 0x00000000e5700000|  0%| F|  |TAMS 0x00000000e5600000, 0x00000000e5600000| Untracked 
|  87|0x00000000e5700000, 0x00000000e5700000, 0x00000000e5800000|  0%| F|  |TAMS 0x00000000e5700000, 0x00000000e5700000| Untracked 
|  88|0x00000000e5800000, 0x00000000e5800000, 0x00000000e5900000|  0%| F|  |TAMS 0x00000000e5800000, 0x00000000e5800000| Untracked 
|  89|0x00000000e5900000, 0x00000000e5900000, 0x00000000e5a00000|  0%| F|  |TAMS 0x00000000e5900000, 0x00000000e5900000| Untracked 
|  90|0x00000000e5a00000, 0x00000000e5a00000, 0x00000000e5b00000|  0%| F|  |TAMS 0x00000000e5a00000, 0x00000000e5a00000| Untracked 
|  91|0x00000000e5b00000, 0x00000000e5b00000, 0x00000000e5c00000|  0%| F|  |TAMS 0x00000000e5b00000, 0x00000000e5b00000| Untracked 
|  92|0x00000000e5c00000, 0x00000000e5c00000, 0x00000000e5d00000|  0%| F|  |TAMS 0x00000000e5c00000, 0x00000000e5c00000| Untracked 
|  93|0x00000000e5d00000, 0x00000000e5d00000, 0x00000000e5e00000|  0%| F|  |TAMS 0x00000000e5d00000, 0x00000000e5d00000| Untracked 
|  94|0x00000000e5e00000, 0x00000000e5e00000, 0x00000000e5f00000|  0%| F|  |TAMS 0x00000000e5e00000, 0x00000000e5e00000| Untracked 
|  95|0x00000000e5f00000, 0x00000000e5f00000, 0x00000000e6000000|  0%| F|  |TAMS 0x00000000e5f00000, 0x00000000e5f00000| Untracked 
|  96|0x00000000e6000000, 0x00000000e6000000, 0x00000000e6100000|  0%| F|  |TAMS 0x00000000e6000000, 0x00000000e6000000| Untracked 
|  97|0x00000000e6100000, 0x00000000e6100000, 0x00000000e6200000|  0%| F|  |TAMS 0x00000000e6100000, 0x00000000e6100000| Untracked 
|  98|0x00000000e6200000, 0x00000000e6200000, 0x00000000e6300000|  0%| F|  |TAMS 0x00000000e6200000, 0x00000000e6200000| Untracked 
|  99|0x00000000e6300000, 0x00000000e6300000, 0x00000000e6400000|  0%| F|  |TAMS 0x00000000e6300000, 0x00000000e6300000| Untracked 
| 100|0x00000000e6400000, 0x00000000e6400000, 0x00000000e6500000|  0%| F|  |TAMS 0x00000000e6400000, 0x00000000e6400000| Untracked 
| 101|0x00000000e6500000, 0x00000000e6500000, 0x00000000e6600000|  0%| F|  |TAMS 0x00000000e6500000, 0x00000000e6500000| Untracked 
| 102|0x00000000e6600000, 0x00000000e6600000, 0x00000000e6700000|  0%| F|  |TAMS 0x00000000e6600000, 0x00000000e6600000| Untracked 
| 103|0x00000000e6700000, 0x00000000e6700000, 0x00000000e6800000|  0%| F|  |TAMS 0x00000000e6700000, 0x00000000e6700000| Untracked 
| 104|0x00000000e6800000, 0x00000000e6800000, 0x00000000e6900000|  0%| F|  |TAMS 0x00000000e6800000, 0x00000000e6800000| Untracked 
| 105|0x00000000e6900000, 0x00000000e6900000, 0x00000000e6a00000|  0%| F|  |TAMS 0x00000000e6900000, 0x00000000e6900000| Untracked 
| 106|0x00000000e6a00000, 0x00000000e6a00000, 0x00000000e6b00000|  0%| F|  |TAMS 0x00000000e6a00000, 0x00000000e6a00000| Untracked 
| 107|0x00000000e6b00000, 0x00000000e6b00000, 0x00000000e6c00000|  0%| F|  |TAMS 0x00000000e6b00000, 0x00000000e6b00000| Untracked 
| 108|0x00000000e6c00000, 0x00000000e6c00000, 0x00000000e6d00000|  0%| F|  |TAMS 0x00000000e6c00000, 0x00000000e6c00000| Untracked 
| 109|0x00000000e6d00000, 0x00000000e6d00000, 0x00000000e6e00000|  0%| F|  |TAMS 0x00000000e6d00000, 0x00000000e6d00000| Untracked 
| 110|0x00000000e6e00000, 0x00000000e6e00000, 0x00000000e6f00000|  0%| F|  |TAMS 0x00000000e6e00000, 0x00000000e6e00000| Untracked 
| 111|0x00000000e6f00000, 0x00000000e6f00000, 0x00000000e7000000|  0%| F|  |TAMS 0x00000000e6f00000, 0x00000000e6f00000| Untracked 
| 112|0x00000000e7000000, 0x00000000e7000000, 0x00000000e7100000|  0%| F|  |TAMS 0x00000000e7000000, 0x00000000e7000000| Untracked 
| 113|0x00000000e7100000, 0x00000000e7100000, 0x00000000e7200000|  0%| F|  |TAMS 0x00000000e7100000, 0x00000000e7100000| Untracked 
| 114|0x00000000e7200000, 0x00000000e7200000, 0x00000000e7300000|  0%| F|  |TAMS 0x00000000e7200000, 0x00000000e7200000| Untracked 
| 115|0x00000000e7300000, 0x00000000e7300000, 0x00000000e7400000|  0%| F|  |TAMS 0x00000000e7300000, 0x00000000e7300000| Untracked 
| 116|0x00000000e7400000, 0x00000000e7400000, 0x00000000e7500000|  0%| F|  |TAMS 0x00000000e7400000, 0x00000000e7400000| Untracked 
| 117|0x00000000e7500000, 0x00000000e7500000, 0x00000000e7600000|  0%| F|  |TAMS 0x00000000e7500000, 0x00000000e7500000| Untracked 
| 118|0x00000000e7600000, 0x00000000e7600000, 0x00000000e7700000|  0%| F|  |TAMS 0x00000000e7600000, 0x00000000e7600000| Untracked 
| 119|0x00000000e7700000, 0x00000000e7700000, 0x00000000e7800000|  0%| F|  |TAMS 0x00000000e7700000, 0x00000000e7700000| Untracked 
| 120|0x00000000e7800000, 0x00000000e78ca498, 0x00000000e7900000| 79%| S|CS|TAMS 0x00000000e7800000, 0x00000000e7800000| Complete 
| 121|0x00000000e7900000, 0x00000000e7a00000, 0x00000000e7a00000|100%| S|CS|TAMS 0x00000000e7900000, 0x00000000e7900000| Complete 
| 122|0x00000000e7a00000, 0x00000000e7a00000, 0x00000000e7b00000|  0%| F|  |TAMS 0x00000000e7a00000, 0x00000000e7a00000| Untracked 
| 123|0x00000000e7b00000, 0x00000000e7b00000, 0x00000000e7c00000|  0%| F|  |TAMS 0x00000000e7b00000, 0x00000000e7b00000| Untracked 
| 124|0x00000000e7c00000, 0x00000000e7c00000, 0x00000000e7d00000|  0%| F|  |TAMS 0x00000000e7c00000, 0x00000000e7c00000| Untracked 
| 125|0x00000000e7d00000, 0x00000000e7d00000, 0x00000000e7e00000|  0%| F|  |TAMS 0x00000000e7d00000, 0x00000000e7d00000| Untracked 
| 126|0x00000000e7e00000, 0x00000000e7e00000, 0x00000000e7f00000|  0%| F|  |TAMS 0x00000000e7e00000, 0x00000000e7e00000| Untracked 
| 127|0x00000000e7f00000, 0x00000000e7f00000, 0x00000000e8000000|  0%| F|  |TAMS 0x00000000e7f00000, 0x00000000e7f00000| Untracked 

Card table byte_map: [0x000001d9f9420000,0x000001d9f9520000] _byte_map_base: 0x000001d9f8d20000

Marking Bits (Prev, Next): (CMBitMap*) 0x000001d9f9371e18, (CMBitMap*) 0x000001d9f9371e50
 Prev Bits: [0x000001d9f9620000, 0x000001d9f9e20000)
 Next Bits: [0x000001d9f9e20000, 0x000001d9fa620000)

Polling page: 0x000001d9f7190000

Metaspace:

Usage:
  Non-class:      6.69 MB capacity,     6.63 MB (>99%) used,    61.59 KB ( <1%) free+waste,     4.63 KB ( <1%) overhead. 
      Class:    770.00 KB capacity,   712.88 KB ( 93%) used,    55.00 KB (  7%) free+waste,     2.13 KB ( <1%) overhead. 
       Both:      7.44 MB capacity,     7.32 MB ( 98%) used,   116.59 KB (  2%) free+waste,     6.75 KB ( <1%) overhead. 

Virtual space:
  Non-class space:       20.00 MB reserved,       6.75 MB ( 34%) committed 
      Class space:        1.00 GB reserved,     896.00 KB ( <1%) committed 
             Both:        1.02 GB reserved,       7.63 MB ( <1%) committed 

Chunk freelists:
   Non-Class:  7.63 KB
       Class:  3.75 KB
        Both:  11.38 KB

CodeHeap 'non-profiled nmethods': size=120064Kb used=102Kb max_used=102Kb free=119961Kb
 bounds [0x000001d98fdf0000, 0x000001d990060000, 0x000001d997330000]
CodeHeap 'profiled nmethods': size=120000Kb used=590Kb max_used=590Kb free=119410Kb
 bounds [0x000001d9888c0000, 0x000001d988b30000, 0x000001d98fdf0000]
CodeHeap 'non-nmethods': size=5696Kb used=1044Kb max_used=1056Kb free=4651Kb
 bounds [0x000001d988330000, 0x000001d9885a0000, 0x000001d9888c0000]
 total_blobs=844 nmethods=394 adapters=249
 compilation: enabled
              stopped_count=0, restarted_count=0
 full_count=0

Compilation events (10 events):
Event: 0.396 Thread 0x000001d9fcc24800  390       4       java.lang.StringCoding::hasNegatives (25 bytes)
Event: 0.397 Thread 0x000001d9fcc2d800  391       3       java.lang.ref.Cleaner::register (25 bytes)
Event: 0.398 Thread 0x000001d9fcc2d800 nmethod 391 0x000001d988951a90 code [0x000001d988951ca0, 0x000001d988952230]
Event: 0.398 Thread 0x000001d9fcc2d800  392       3       jdk.internal.ref.CleanerImpl$PhantomCleanableRef::<init> (12 bytes)
Event: 0.398 Thread 0x000001d9fcc2d800 nmethod 392 0x000001d988952490 code [0x000001d988952640, 0x000001d988952850]
Event: 0.398 Thread 0x000001d9fcc2d800  393       3       sun.net.www.ParseUtil::encodePath (41 bytes)
Event: 0.398 Thread 0x000001d9fcc2d800 nmethod 393 0x000001d988952910 code [0x000001d988952ae0, 0x000001d988952d90]
Event: 0.398 Thread 0x000001d9fcc2d800  394       3       java.lang.String::equalsIgnoreCase (45 bytes)
Event: 0.399 Thread 0x000001d9fcc2d800 nmethod 394 0x000001d988952e90 code [0x000001d988953080, 0x000001d988953630]
Event: 0.399 Thread 0x000001d9fcc24800 nmethod 390 0x000001d98fe09410 code [0x000001d98fe095a0, 0x000001d98fe09778]

GC Heap History (2 events):
Event: 0.401 GC heap before
{Heap before GC invocations=0 (full 0):
 garbage-first heap   total 131072K, used 5120K [0x00000000e0000000, 0x0000000100000000)
  region size 1024K, 6 young (6144K), 0 survivors (0K)
 Metaspace       used 7497K, capacity 7621K, committed 7808K, reserved 1067008K
  class space    used 712K, capacity 770K, committed 896K, reserved 1048576K
}
Event: 0.404 GC heap after
{Heap after GC invocations=1 (full 0):
 garbage-first heap   total 131072K, used 1833K [0x00000000e0000000, 0x0000000100000000)
  region size 1024K, 2 young (2048K), 2 survivors (2048K)
 Metaspace       used 7497K, capacity 7621K, committed 7808K, reserved 1067008K
  class space    used 712K, capacity 770K, committed 896K, reserved 1048576K
}

Deoptimization events (2 events):
Event: 0.205 Thread 0x000001d9f934e800 Uncommon trap: reason=unstable_if action=reinterpret pc=0x000001d98fdf7d14 method=java.lang.String.hashCode()I @ 14 c2
Event: 0.211 Thread 0x000001d9f934e800 Uncommon trap: reason=unstable_if action=reinterpret pc=0x000001d98fdf40ac method=java.lang.StringLatin1.indexOf([BII)I @ 47 c2

Classes redefined (0 events):
No events

Internal exceptions (0 events):
No events

Events (10 events):
Event: 0.399 loading class java/util/logging/Logger
Event: 0.400 loading class java/util/logging/Logger done
Event: 0.400 loading class java/util/logging/Handler
Event: 0.400 loading class java/util/logging/Handler done
Event: 0.400 loading class java/util/logging/Logger$LoggerBundle
Event: 0.400 loading class java/util/logging/Logger$LoggerBundle done
Event: 0.400 loading class java/util/logging/Logger$ConfigurationData
Event: 0.400 loading class java/util/logging/Logger$ConfigurationData done
Event: 0.400 loading class java/util/logging/LogManager
Event: 0.400 Executing VM operation: CollectForMetadataAllocation


Dynamic libraries:
0x00007ff63b120000 - 0x00007ff63b167000 	C:\Program Files\Java\jdk-11.0.7\bin\java.exe
0x00007ffb9c350000 - 0x00007ffb9c531000 	C:\WINDOWS\SYSTEM32\ntdll.dll
0x00007ffb9c050000 - 0x00007ffb9c101000 	C:\WINDOWS\System32\KERNEL32.DLL
0x00007ffb990b0000 - 0x00007ffb99323000 	C:\WINDOWS\System32\KERNELBASE.dll
0x00007ffb9bfa0000 - 0x00007ffb9c041000 	C:\WINDOWS\System32\ADVAPI32.dll
0x00007ffb99f70000 - 0x00007ffb9a00e000 	C:\WINDOWS\System32\msvcrt.dll
0x00007ffb9bd40000 - 0x00007ffb9bd9b000 	C:\WINDOWS\System32\sechost.dll
0x00007ffb9bb60000 - 0x00007ffb9bc84000 	C:\WINDOWS\System32\RPCRT4.dll
0x00007ffb99dd0000 - 0x00007ffb99f61000 	C:\WINDOWS\System32\USER32.dll
0x00007ffb99330000 - 0x00007ffb99350000 	C:\WINDOWS\System32\win32u.dll
0x00007ffb9c280000 - 0x00007ffb9c2a8000 	C:\WINDOWS\System32\GDI32.dll
0x00007ffb99570000 - 0x00007ffb99701000 	C:\WINDOWS\System32\gdi32full.dll
0x00007ffb994d0000 - 0x00007ffb9956f000 	C:\WINDOWS\System32\msvcp_win.dll
0x00007ffb993d0000 - 0x00007ffb994c8000 	C:\WINDOWS\System32\ucrtbase.dll
0x00007ffb90410000 - 0x00007ffb90679000 	C:\WINDOWS\WinSxS\amd64_microsoft.windows.common-controls_6595b64144ccf1df_6.0.17134.1130_none_d3ff42617c90becf\COMCTL32.dll
0x00007ffb94280000 - 0x00007ffb9428a000 	C:\WINDOWS\SYSTEM32\VERSION.dll
0x00007ffb9b780000 - 0x00007ffb9baa1000 	C:\WINDOWS\System32\combase.dll
0x00007ffb99350000 - 0x00007ffb993c9000 	C:\WINDOWS\System32\bcryptPrimitives.dll
0x00007ffb9bcf0000 - 0x00007ffb9bd1d000 	C:\WINDOWS\System32\IMM32.DLL
0x00007ffb90930000 - 0x00007ffb90946000 	C:\Program Files\Java\jdk-11.0.7\bin\vcruntime140.dll
0x00007ffb8f360000 - 0x00007ffb8f40a000 	C:\Program Files\Java\jdk-11.0.7\bin\msvcp140.dll
0x00007ffb6f790000 - 0x00007ffb702f1000 	C:\Program Files\Java\jdk-11.0.7\bin\server\jvm.dll
0x00007ffb9bab0000 - 0x00007ffb9bab8000 	C:\WINDOWS\System32\PSAPI.DLL
0x00007ffb96740000 - 0x00007ffb96749000 	C:\WINDOWS\SYSTEM32\WSOCK32.dll
0x00007ffb96370000 - 0x00007ffb96393000 	C:\WINDOWS\SYSTEM32\WINMM.dll
0x00007ffb9c110000 - 0x00007ffb9c17c000 	C:\WINDOWS\System32\WS2_32.dll
0x00007ffb96340000 - 0x00007ffb9636a000 	C:\WINDOWS\SYSTEM32\winmmbase.dll
0x00007ffb99000000 - 0x00007ffb99049000 	C:\WINDOWS\System32\cfgmgr32.dll
0x00007ffb986e0000 - 0x00007ffb986f1000 	C:\WINDOWS\System32\kernel.appcore.dll
0x00007ffb90790000 - 0x00007ffb907a1000 	C:\Program Files\Java\jdk-11.0.7\bin\verify.dll
0x00007ffb89aa0000 - 0x00007ffb89c69000 	C:\WINDOWS\SYSTEM32\DBGHELP.DLL
0x00007ffb89a60000 - 0x00007ffb89a89000 	C:\WINDOWS\SYSTEM32\dbgcore.DLL
0x00007ffb8f2d0000 - 0x00007ffb8f2f9000 	C:\Program Files\Java\jdk-11.0.7\bin\java.dll
0x00007ffb95070000 - 0x00007ffb9507a000 	C:\Program Files\Java\jdk-11.0.7\bin\jimage.dll
0x00007ffb90120000 - 0x00007ffb90136000 	C:\Program Files\Java\jdk-11.0.7\bin\zip.dll
0x00007ffb9a190000 - 0x00007ffb9b5d5000 	C:\WINDOWS\System32\SHELL32.dll
0x00007ffb9a0e0000 - 0x00007ffb9a189000 	C:\WINDOWS\System32\shcore.dll
0x00007ffb98700000 - 0x00007ffb98e10000 	C:\WINDOWS\System32\windows.storage.dll
0x00007ffb997c0000 - 0x00007ffb99811000 	C:\WINDOWS\System32\shlwapi.dll
0x00007ffb98640000 - 0x00007ffb9865f000 	C:\WINDOWS\System32\profapi.dll
0x00007ffb98690000 - 0x00007ffb986dc000 	C:\WINDOWS\System32\powrprof.dll
0x00007ffb98680000 - 0x00007ffb9868a000 	C:\WINDOWS\System32\FLTLIB.DLL
0x00007ffb90020000 - 0x00007ffb90039000 	C:\Program Files\Java\jdk-11.0.7\bin\net.dll
0x00007ffb8e800000 - 0x00007ffb8e8dd000 	C:\WINDOWS\SYSTEM32\WINHTTP.dll
0x00007ffb97e60000 - 0x00007ffb97ec6000 	C:\WINDOWS\system32\mswsock.dll
0x00007ffb8fc40000 - 0x00007ffb8fc53000 	C:\Program Files\Java\jdk-11.0.7\bin\nio.dll

dbghelp: loaded successfully - version: 4.0.5 - missing functions: none
symbol engine: initialized successfully - sym options: 0x614 - pdb path: .;C:\Program Files\Java\jdk-11.0.7\bin;C:\WINDOWS\SYSTEM32;C:\WINDOWS\WinSxS\amd64_microsoft.windows.common-controls_6595b64144ccf1df_6.0.17134.1130_none_d3ff42617c90becf;C:\Program Files\Java\jdk-11.0.7\bin\server

VM Arguments:
jvm_args: -Dorg.gradle.native=false -Dspring.profiles.active=default -Xmx512m -Dfile.encoding=windows-1251 -Duser.country=RU -Duser.language=ru -Duser.variant -ea 
java_command: worker.org.gradle.process.internal.worker.GradleWorkerMain 'Gradle Test Executor 25'
java_class_path (initial): C:\\Users\\uri10\\.gradle\\caches\\6.8.3\\workerMain\\gradle-worker.jar;G:\\REST-API-Advanced\\persistence\\build\\classes\\java\\test;G:\\REST-API-Advanced\\persistence\\build\\resources\\test;G:\\REST-API-Advanced\\persistence\\build\\classes\\java\\main;G:\\REST-API-Advanced\\persistence\\build\\resources\\main;C:\\Users\\uri10\\.gradle\\caches\\modules-2\\files-2.1\\org.springframework.boot\\spring-boot-starter-test\\2.4.0\\3578b990edab0595cd0e2bc300ba14d72e80f752\\spring-boot-starter-test-2.4.0.jar;C:\\Users\\uri10\\.gradle\\caches\\modules-2\\files-2.1\\org.springframework.boot\\spring-boot-starter-hateoas\\2.4.0\\f78b91cd85e9679b8869a3a89c236ee3afe53351\\spring-boot-starter-hateoas-2.4.0.jar;C:\\Users\\uri10\\.gradle\\caches\\modules-2\\files-2.1\\org.springframework.boot\\spring-boot-starter-web\\2.4.0\\4bdd422c370d1d66ffc12ecafdecc70cad406367\\spring-boot-starter-web-2.4.0.jar;C:\\Users\\uri10\\.gradle\\caches\\modules-2\\files-2.1\\org.springframework.boot\\spring-boot-starter-data-jpa\\2.4.0\\fd0c82c6582c09f9525e40d79e06c314d81daa9d\\spring-boot-starter-data-jpa-2.4.0.jar;C:\\Users\\uri10\\.gradle\\caches\\modules-2\\files-2.1\\org.springframework.boot\\spring-boot-starter-aop\\2.4.0\\27e4f5d5d1ccd6dff2c02e52b36b673257da1d9e\\spring-boot-starter-aop-2.4.0.jar;C:\\Users\\uri10\\.gradle\\caches\\modules-2\\files-2.1\\org.springframework.boot\\spring-boot-starter-jdbc\\2.4.0\\536d4d8b20619286d00609743048fca313160498\\spring-boot-starter-jdbc-2.4.0.jar;C:\\Users\\uri10\\.gradle\\caches\\modules-2\\files-2.1\\org.springframework.boot\\spring-boot-starter-json\\2.4.0\\e688a97ab229ae5a4a0c3ccb3f4419c9457a25b6\\spring-boot-starter-json-2.4.0.jar;C:\\Users\\uri10\\.gradle\\caches\\modules-2\\files-2.1\\org.springframework.boot\\spring-boot-starter\\2.4.0\\26162567b7644e6d245b9d8dcf6fd4efb2bf74f4\\spring-boot-starter-2.4.0.jar;C:\\Users\\uri10\\.gradle\\caches\\modules-2\\files-2.1\\com.fasterxml.jackson.datatype\\jackson-datatype-jdk8\
Launcher Type: SUN_STANDARD

[Global flags]
     intx CICompilerCount                          = 3                                         {product} {ergonomic}
     uint ConcGCThreads                            = 1                                         {product} {ergonomic}
     uint G1ConcRefinementThreads                  = 4                                         {product} {ergonomic}
   size_t G1HeapRegionSize                         = 1048576                                   {product} {ergonomic}
    uintx GCDrainStackTargetSize                   = 64                                        {product} {ergonomic}
   size_t InitialHeapSize                          = 134217728                                 {product} {ergonomic}
   size_t MarkStackSize                            = 4194304                                   {product} {ergonomic}
   size_t MaxHeapSize                              = 536870912                                 {product} {command line}
   size_t MaxNewSize                               = 321912832                                 {product} {ergonomic}
   size_t MinHeapDeltaBytes                        = 1048576                                   {product} {ergonomic}
    uintx NonNMethodCodeHeapSize                   = 5830732                                {pd product} {ergonomic}
    uintx NonProfiledCodeHeapSize                  = 122913754                              {pd product} {ergonomic}
    uintx ProfiledCodeHeapSize                     = 122913754                              {pd product} {ergonomic}
    uintx ReservedCodeCacheSize                    = 251658240                              {pd product} {ergonomic}
     bool SegmentedCodeCache                       = true                                      {product} {ergonomic}
     bool UseCompressedClassPointers               = true                                 {lp64_product} {ergonomic}
     bool UseCompressedOops                        = true                                 {lp64_product} {ergonomic}
     bool UseG1GC                                  = true                                      {product} {ergonomic}
     bool UseLargePagesIndividualAllocation        = false                                  {pd product} {ergonomic}

Logging:
Log output configuration:
 #0: stdout all=warning uptime,level,tags
 #1: stderr all=off uptime,level,tags

Environment Variables:
JAVA_HOME=C:\Program Files\Java\jdk-11.0.7
PATH=C:\WINDOWS\system32;C:\WINDOWS;C:\WINDOWS\System32\Wbem;C:\WINDOWS\System32\WindowsPowerShell\v1.0\;C:\Program Files (x86)\NVIDIA Corporation\PhysX\Common;C:\Program Files\Java\jdk-11.0.7\bin;C:\WINDOWS\System32\OpenSSH\;C:\ProgramData\Oracle\Java\javapath;C:\Program Files\Git\cmd;C:\Program Files\apache-maven-3.6.3\bin;C:\Users\uri10\AppData\Local\Microsoft\WindowsApps;C:\Users\uri10\AppData\Roaming\Dashlane\4.6.6.23032\bin\Firefox_Extension\{442718d9-475e-452a-b3e1-fb1ee16b8e9f}\components;C:\Users\uri10\AppData\Roaming\Dashlane\4.8.7.35982\bin\Firefox_Extension\{442718d9-475e-452a-b3e1-fb1ee16b8e9f}\components;C:\Users\uri10\AppData\Roaming\Dashlane\4.8.7.35982\ucrt;C:\Program Files\JetBrains\IntelliJ IDEA Educational Edition 2020.1.1\bin;;C:\Users\uri10\AppData\Local\Programs\Microsoft VS Code\bin;C:\gradle\gradle-6.8.3\bin;C:\Program Files\MySQL\MySQL Server 8.0\bin;
USERNAME=Marinka
OS=Windows_NT
PROCESSOR_IDENTIFIER=Intel64 Family 6 Model 23 Stepping 10, GenuineIntel



---------------  S Y S T E M  ---------------

OS: Windows 10 , 64 bit Build 17134 (10.0.17134.753)

CPU:total 4 (initial active 4) (4 cores per cpu, 1 threads per core) family 6 model 23 stepping 10, cmov, cx8, fxsr, mmx, sse, sse2, sse3, ssse3, sse4.1, tsc

Memory: 4k page, system-wide physical 8191M (1440M free)
TotalPageFile size 8191M (AvailPageFile size 2M)
current process WorkingSet (physical memory assigned to process): 43M, peak: 43M
current process commit charge ("private bytes"): 200M, peak: 201M

vm_info: Java HotSpot(TM) 64-Bit Server VM (11.0.7+8-LTS) for windows-amd64 JRE (11.0.7+8-LTS), built on Mar 12 2020 02:04:32 by "mach5one" with MS VC++ 15.5 (VS2017)

END.
